This is pdfTeX, Version 3.14159265-2.6-1.40.21 (MiKTeX 2.9.7350 64-bit) (preloaded format=pdflatex 2020.4.4)  7 APR 2020 12:59
entering extended mode
**./Writeup.tex
(Writeup.tex
LaTeX2e <2020-02-02> patch level 5
L3 programming layer <2020-03-06>
("C:\Users\Amit\AppData\Local\Programs\MiKTeX 2.9\tex/latex/extsizes\extarticle
.cls"
Document Class: extarticle 1996/10/08 v1.0 Non Standard LaTeX document class
("C:\Users\Amit\AppData\Local\Programs\MiKTeX 2.9\tex/latex/base\size12.clo"
File: size12.clo 2019/12/20 v1.4l Standard LaTeX file (size option)
)
("C:\Users\Amit\AppData\Local\Programs\MiKTeX 2.9\tex/latex/base\exscale.sty"
Package: exscale 2018/09/24 v2.1i Standard LaTeX package exscale
LaTeX Font Info:    Redeclaring symbol font `largesymbols' on input line 57.
LaTeX Font Info:    Overwriting symbol font `largesymbols' in version `normal'
(Font)                  OMX/cmex/m/n --> OMX/cmex/m/n on input line 57.
LaTeX Font Info:    Overwriting symbol font `largesymbols' in version `bold'
(Font)                  OMX/cmex/m/n --> OMX/cmex/m/n on input line 57.
\big@size=\dimen134
)
\c@part=\count167
\c@section=\count168
\c@subsection=\count169
\c@subsubsection=\count170
\c@paragraph=\count171
\c@subparagraph=\count172
\c@figure=\count173
\c@table=\count174
\abovecaptionskip=\skip47
\belowcaptionskip=\skip48
\bibindent=\dimen135
)
("C:\Users\Amit\AppData\Local\Programs\MiKTeX 2.9\tex/latex/geometry\geometry.s
ty"
Package: geometry 2020/01/02 v5.9 Page Geometry

("C:\Users\Amit\AppData\Local\Programs\MiKTeX 2.9\tex/latex/graphics\keyval.sty
"
Package: keyval 2014/10/28 v1.15 key=value parser (DPC)
\KV@toks@=\toks15
)
("C:\Users\Amit\AppData\Local\Programs\MiKTeX 2.9\tex/generic/iftex\ifvtex.sty"
Package: ifvtex 2019/10/25 v1.7 ifvtex legacy package. Use iftex instead.
("C:\Users\Amit\AppData\Local\Programs\MiKTeX 2.9\tex/generic/iftex\iftex.sty"
Package: iftex 2020/03/06 v1.0d TeX engine tests
))
\Gm@cnth=\count175
\Gm@cntv=\count176
\c@Gm@tempcnt=\count177
\Gm@bindingoffset=\dimen136
\Gm@wd@mp=\dimen137
\Gm@odd@mp=\dimen138
\Gm@even@mp=\dimen139
\Gm@layoutwidth=\dimen140
\Gm@layoutheight=\dimen141
\Gm@layouthoffset=\dimen142
\Gm@layoutvoffset=\dimen143
\Gm@dimlist=\toks16

("C:\Users\Amit\AppData\Local\Programs\MiKTeX 2.9\tex/latex/geometry\geometry.c
fg"))
("C:\Users\Amit\AppData\Local\Programs\MiKTeX 2.9\tex/latex/graphics\graphicx.s
ty"
Package: graphicx 2019/11/30 v1.2a Enhanced LaTeX Graphics (DPC,SPQR)

("C:\Users\Amit\AppData\Local\Programs\MiKTeX 2.9\tex/latex/graphics\graphics.s
ty"
Package: graphics 2019/11/30 v1.4a Standard LaTeX Graphics (DPC,SPQR)

("C:\Users\Amit\AppData\Local\Programs\MiKTeX 2.9\tex/latex/graphics\trig.sty"
Package: trig 2016/01/03 v1.10 sin cos tan (DPC)
)
("C:\Users\Amit\AppData\Local\Programs\MiKTeX 2.9\tex/latex/graphics-cfg\graphi
cs.cfg"
File: graphics.cfg 2016/06/04 v1.11 sample graphics configuration
)
Package graphics Info: Driver file: pdftex.def on input line 105.

("C:\Users\Amit\AppData\Local\Programs\MiKTeX 2.9\tex/latex/graphics-def\pdftex
.def"
File: pdftex.def 2018/01/08 v1.0l Graphics/color driver for pdftex
))
\Gin@req@height=\dimen144
\Gin@req@width=\dimen145
)
("C:\Users\Amit\AppData\Local\Programs\MiKTeX 2.9\tex/latex/amsmath\amsmath.sty
"
Package: amsmath 2020/01/20 v2.17e AMS math features
\@mathmargin=\skip49

For additional information on amsmath, use the `?' option.
("C:\Users\Amit\AppData\Local\Programs\MiKTeX 2.9\tex/latex/amsmath\amstext.sty
"
Package: amstext 2000/06/29 v2.01 AMS text
 ("C:\Users\Amit\AppData\Local\Programs\MiKTeX 2.9\tex/latex/amsmath\amsgen.sty
"
File: amsgen.sty 1999/11/30 v2.0 generic functions
\@emptytoks=\toks17
\ex@=\dimen146
))
("C:\Users\Amit\AppData\Local\Programs\MiKTeX 2.9\tex/latex/amsmath\amsbsy.sty"
Package: amsbsy 1999/11/29 v1.2d Bold Symbols
\pmbraise@=\dimen147
) ("C:\Users\Amit\AppData\Local\Programs\MiKTeX 2.9\tex/latex/amsmath\amsopn.st
y"
Package: amsopn 2016/03/08 v2.02 operator names
)
\inf@bad=\count178
LaTeX Info: Redefining \frac on input line 227.
\uproot@=\count179
\leftroot@=\count180
LaTeX Info: Redefining \overline on input line 389.
\classnum@=\count181
\DOTSCASE@=\count182
LaTeX Info: Redefining \ldots on input line 486.
LaTeX Info: Redefining \dots on input line 489.
LaTeX Info: Redefining \cdots on input line 610.
\Mathstrutbox@=\box45
\strutbox@=\box46
\big@size=\dimen148
LaTeX Font Info:    Redeclaring font encoding OML on input line 733.
LaTeX Font Info:    Redeclaring font encoding OMS on input line 734.
\macc@depth=\count183
\c@MaxMatrixCols=\count184
\dotsspace@=\muskip16
\c@parentequation=\count185
\dspbrk@lvl=\count186
\tag@help=\toks18
\row@=\count187
\column@=\count188
\maxfields@=\count189
\andhelp@=\toks19
\eqnshift@=\dimen149
\alignsep@=\dimen150
\tagshift@=\dimen151
\tagwidth@=\dimen152
\totwidth@=\dimen153
\lineht@=\dimen154
\@envbody=\toks20
\multlinegap=\skip50
\multlinetaggap=\skip51
\mathdisplay@stack=\toks21
LaTeX Info: Redefining \[ on input line 2859.
LaTeX Info: Redefining \] on input line 2860.
)
("C:\Users\Amit\AppData\Local\Programs\MiKTeX 2.9\tex/latex/amsfonts\amssymb.st
y"
Package: amssymb 2013/01/14 v3.01 AMS font symbols

("C:\Users\Amit\AppData\Local\Programs\MiKTeX 2.9\tex/latex/amsfonts\amsfonts.s
ty"
Package: amsfonts 2013/01/14 v3.01 Basic AMSFonts support
\symAMSa=\mathgroup4
\symAMSb=\mathgroup5
LaTeX Font Info:    Redeclaring math symbol \hbar on input line 98.
LaTeX Font Info:    Overwriting math alphabet `\mathfrak' in version `bold'
(Font)                  U/euf/m/n --> U/euf/b/n on input line 106.
))
("C:\Users\Amit\AppData\Local\Programs\MiKTeX 2.9\tex/latex/hyperref\hyperref.s
ty"
Package: hyperref 2020/01/14 v7.00d Hypertext links for LaTeX

("C:\Users\Amit\AppData\Local\Programs\MiKTeX 2.9\tex/generic/ltxcmds\ltxcmds.s
ty"
Package: ltxcmds 2019/12/15 v1.24 LaTeX kernel commands for general use (HO)
)
("C:\Users\Amit\AppData\Local\Programs\MiKTeX 2.9\tex/latex/pdftexcmds\pdftexcm
ds.sty"
Package: pdftexcmds 2019/11/24 v0.31 Utility functions of pdfTeX for LuaTeX (HO
)

("C:\Users\Amit\AppData\Local\Programs\MiKTeX 2.9\tex/generic/infwarerr\infware
rr.sty"
Package: infwarerr 2019/12/03 v1.5 Providing info/warning/error messages (HO)
)
Package pdftexcmds Info: \pdf@primitive is available.
Package pdftexcmds Info: \pdf@ifprimitive is available.
Package pdftexcmds Info: \pdfdraftmode found.
)
("C:\Users\Amit\AppData\Local\Programs\MiKTeX 2.9\tex/generic/kvsetkeys\kvsetke
ys.sty"
Package: kvsetkeys 2019/12/15 v1.18 Key value parser (HO)
)
("C:\Users\Amit\AppData\Local\Programs\MiKTeX 2.9\tex/generic/kvdefinekeys\kvde
finekeys.sty"
Package: kvdefinekeys 2019-12-19 v1.6 Define keys (HO)
)
("C:\Users\Amit\AppData\Local\Programs\MiKTeX 2.9\tex/generic/pdfescape\pdfesca
pe.sty"
Package: pdfescape 2019/12/09 v1.15 Implements pdfTeX's escape features (HO)
)
("C:\Users\Amit\AppData\Local\Programs\MiKTeX 2.9\tex/latex/hycolor\hycolor.sty
"
Package: hycolor 2020-01-27 v1.10 Color options for hyperref/bookmark (HO)
)
("C:\Users\Amit\AppData\Local\Programs\MiKTeX 2.9\tex/latex/letltxmacro\letltxm
acro.sty"
Package: letltxmacro 2019/12/03 v1.6 Let assignment for LaTeX macros (HO)
)
("C:\Users\Amit\AppData\Local\Programs\MiKTeX 2.9\tex/latex/auxhook\auxhook.sty
"
Package: auxhook 2019-12-17 v1.6 Hooks for auxiliary files (HO)
)
("C:\Users\Amit\AppData\Local\Programs\MiKTeX 2.9\tex/latex/kvoptions\kvoptions
.sty"
Package: kvoptions 2019/11/29 v3.13 Key value format for package options (HO)
)
\@linkdim=\dimen155
\Hy@linkcounter=\count190
\Hy@pagecounter=\count191

("C:\Users\Amit\AppData\Local\Programs\MiKTeX 2.9\tex/latex/hyperref\pd1enc.def
"
File: pd1enc.def 2020/01/14 v7.00d Hyperref: PDFDocEncoding definition (HO)
Now handling font encoding PD1 ...
... no UTF-8 mapping file for font encoding PD1
)
("C:\Users\Amit\AppData\Local\Programs\MiKTeX 2.9\tex/generic/intcalc\intcalc.s
ty"
Package: intcalc 2019/12/15 v1.3 Expandable calculations with integers (HO)
)
("C:\Users\Amit\AppData\Local\Programs\MiKTeX 2.9\tex/generic/etexcmds\etexcmds
.sty"
Package: etexcmds 2019/12/15 v1.7 Avoid name clashes with e-TeX commands (HO)
)
\Hy@SavedSpaceFactor=\count192
Package hyperref Info: Hyper figures OFF on input line 4547.
Package hyperref Info: Link nesting OFF on input line 4552.
Package hyperref Info: Hyper index ON on input line 4555.
Package hyperref Info: Plain pages OFF on input line 4562.
Package hyperref Info: Backreferencing OFF on input line 4567.
Package hyperref Info: Implicit mode ON; LaTeX internals redefined.
Package hyperref Info: Bookmarks ON on input line 4800.
\c@Hy@tempcnt=\count193
 ("C:\Users\Amit\AppData\Local\Programs\MiKTeX 2.9\tex/latex/url\url.sty"
\Urlmuskip=\muskip17
Package: url 2013/09/16  ver 3.4  Verb mode for urls, etc.
)
LaTeX Info: Redefining \url on input line 5159.
\XeTeXLinkMargin=\dimen156

("C:\Users\Amit\AppData\Local\Programs\MiKTeX 2.9\tex/generic/bitset\bitset.sty
"
Package: bitset 2019/12/09 v1.3 Handle bit-vector datatype (HO)

("C:\Users\Amit\AppData\Local\Programs\MiKTeX 2.9\tex/generic/bigintcalc\bigint
calc.sty"
Package: bigintcalc 2019/12/15 v1.5 Expandable calculations on big integers (HO
)
))
\Fld@menulength=\count194
\Field@Width=\dimen157
\Fld@charsize=\dimen158
Package hyperref Info: Hyper figures OFF on input line 6430.
Package hyperref Info: Link nesting OFF on input line 6435.
Package hyperref Info: Hyper index ON on input line 6438.
Package hyperref Info: backreferencing OFF on input line 6445.
Package hyperref Info: Link coloring OFF on input line 6450.
Package hyperref Info: Link coloring with OCG OFF on input line 6455.
Package hyperref Info: PDF/A mode OFF on input line 6460.
LaTeX Info: Redefining \ref on input line 6500.
LaTeX Info: Redefining \pageref on input line 6504.

("C:\Users\Amit\AppData\Local\Programs\MiKTeX 2.9\tex/generic/atbegshi\atbegshi
.sty"
Package: atbegshi 2019/12/05 v1.19 At begin shipout hook (HO)
)
\Hy@abspage=\count195
\c@Item=\count196
\c@Hfootnote=\count197
)
Package hyperref Info: Driver (autodetected): hpdftex.

("C:\Users\Amit\AppData\Local\Programs\MiKTeX 2.9\tex/latex/hyperref\hpdftex.de
f"
File: hpdftex.def 2020/01/14 v7.00d Hyperref driver for pdfTeX

("C:\Users\Amit\AppData\Local\Programs\MiKTeX 2.9\tex/latex/atveryend\atveryend
.sty"
Package: atveryend 2019-12-11 v1.11 Hooks at the very end of document (HO)
Package atveryend Info: \enddocument detected (standard20110627).
)
\Fld@listcount=\count198
\c@bookmark@seq@number=\count199

("C:\Users\Amit\AppData\Local\Programs\MiKTeX 2.9\tex/latex/rerunfilecheck\reru
nfilecheck.sty"
Package: rerunfilecheck 2019/12/05 v1.9 Rerun checks for auxiliary files (HO)

("C:\Users\Amit\AppData\Local\Programs\MiKTeX 2.9\tex/generic/uniquecounter\uni
quecounter.sty"
Package: uniquecounter 2019/12/15 v1.4 Provide unlimited unique counter (HO)
)
Package uniquecounter Info: New unique counter `rerunfilecheck' on input line 2
86.
)
\Hy@SectionHShift=\skip52
)
("C:\Users\Amit\AppData\Local\Programs\MiKTeX 2.9\tex/latex/listings\listings.s
ty"
\lst@mode=\count266
\lst@gtempboxa=\box47
\lst@token=\toks22
\lst@length=\count267
\lst@currlwidth=\dimen159
\lst@column=\count268
\lst@pos=\count269
\lst@lostspace=\dimen160
\lst@width=\dimen161
\lst@newlines=\count270
\lst@lineno=\count271
\lst@maxwidth=\dimen162

("C:\Users\Amit\AppData\Local\Programs\MiKTeX 2.9\tex/latex/listings\lstmisc.st
y"
File: lstmisc.sty 2019/09/10 1.8c (Carsten Heinz)
\c@lstnumber=\count272
\lst@skipnumbers=\count273
\lst@framebox=\box48
)
("C:\Users\Amit\AppData\Local\Programs\MiKTeX 2.9\tex/latex/listings\listings.c
fg"
File: listings.cfg 2019/09/10 1.8c listings configuration
))
Package: listings 2019/09/10 1.8c (Carsten Heinz)

("C:\Users\Amit\AppData\Local\Programs\MiKTeX 2.9\tex/latex/multirow\multirow.s
ty"
Package: multirow 2019/05/31 v2.5 Span multiple rows of a table
\multirow@colwidth=\skip53
\multirow@cntb=\count274
\multirow@dima=\skip54
\bigstrutjot=\dimen163
)
("C:\Users\Amit\AppData\Local\Programs\MiKTeX 2.9\tex/latex/l3backend\l3backend
-pdfmode.def"
File: l3backend-pdfmode.def 2020-03-12 L3 backend support: PDF mode
\l__kernel_color_stack_int=\count275
\l__pdf_internal_box=\box49
) (Writeup.aux)
\openout1 = `Writeup.aux'.

LaTeX Font Info:    Checking defaults for OML/cmm/m/it on input line 10.
LaTeX Font Info:    ... okay on input line 10.
LaTeX Font Info:    Checking defaults for OMS/cmsy/m/n on input line 10.
LaTeX Font Info:    ... okay on input line 10.
LaTeX Font Info:    Checking defaults for OT1/cmr/m/n on input line 10.
LaTeX Font Info:    ... okay on input line 10.
LaTeX Font Info:    Checking defaults for T1/cmr/m/n on input line 10.
LaTeX Font Info:    ... okay on input line 10.
LaTeX Font Info:    Checking defaults for TS1/cmr/m/n on input line 10.
LaTeX Font Info:    ... okay on input line 10.
LaTeX Font Info:    Checking defaults for OMX/cmex/m/n on input line 10.
LaTeX Font Info:    ... okay on input line 10.
LaTeX Font Info:    Checking defaults for U/cmr/m/n on input line 10.
LaTeX Font Info:    ... okay on input line 10.
LaTeX Font Info:    Checking defaults for PD1/pdf/m/n on input line 10.
LaTeX Font Info:    ... okay on input line 10.

*geometry* driver: auto-detecting
*geometry* detected driver: pdftex
*geometry* verbose mode - [ preamble ] result:
* driver: pdftex
* paper: <default>
* layout: <same size as paper>
* layoutoffset:(h,v)=(0.0pt,0.0pt)
* modes: 
* h-part:(L,W,R)=(56.9055pt, 500.484pt, 56.9055pt)
* v-part:(T,H,B)=(56.9055pt, 681.15898pt, 56.9055pt)
* \paperwidth=614.295pt
* \paperheight=794.96999pt
* \textwidth=500.484pt
* \textheight=681.15898pt
* \oddsidemargin=-15.36449pt
* \evensidemargin=-15.36449pt
* \topmargin=-52.36449pt
* \headheight=12.0pt
* \headsep=25.0pt
* \topskip=12.0pt
* \footskip=30.0pt
* \marginparwidth=44.0pt
* \marginparsep=10.0pt
* \columnsep=10.0pt
* \skip\footins=10.8pt plus 4.0pt minus 2.0pt
* \hoffset=0.0pt
* \voffset=0.0pt
* \mag=1000
* \@twocolumnfalse
* \@twosidefalse
* \@mparswitchfalse
* \@reversemarginfalse
* (1in=72.27pt=25.4mm, 1cm=28.453pt)


("C:\Users\Amit\AppData\Local\Programs\MiKTeX 2.9\tex/context/base/mkii\supp-pd
f.mkii"
[Loading MPS to PDF converter (version 2006.09.02).]
\scratchcounter=\count276
\scratchdimen=\dimen164
\scratchbox=\box50
\nofMPsegments=\count277
\nofMParguments=\count278
\everyMPshowfont=\toks23
\MPscratchCnt=\count279
\MPscratchDim=\dimen165
\MPnumerator=\count280
\makeMPintoPDFobject=\count281
\everyMPtoPDFconversion=\toks24
)
("C:\Users\Amit\AppData\Local\Programs\MiKTeX 2.9\tex/latex/epstopdf-pkg\epstop
df-base.sty"
Package: epstopdf-base 2020-01-24 v2.11 Base part for package epstopdf
Package epstopdf-base Info: Redefining graphics rule for `.eps' on input line 4
85.
)
\AtBeginShipoutBox=\box51
Package hyperref Info: Link coloring OFF on input line 10.

("C:\Users\Amit\AppData\Local\Programs\MiKTeX 2.9\tex/latex/hyperref\nameref.st
y"
Package: nameref 2019/09/16 v2.46 Cross-referencing by name of section

("C:\Users\Amit\AppData\Local\Programs\MiKTeX 2.9\tex/latex/refcount\refcount.s
ty"
Package: refcount 2019/12/15 v3.6 Data extraction from label references (HO)
)
("C:\Users\Amit\AppData\Local\Programs\MiKTeX 2.9\tex/generic/gettitlestring\ge
ttitlestring.sty"
Package: gettitlestring 2019/12/15 v1.6 Cleanup title references (HO)
)
\c@section@level=\count282
)
LaTeX Info: Redefining \ref on input line 10.
LaTeX Info: Redefining \pageref on input line 10.
LaTeX Info: Redefining \nameref on input line 10.
 (Writeup.out) (Writeup.out)
\@outlinefile=\write3
\openout3 = `Writeup.out'.

\c@lstlisting=\count283
 [1

{C:/Users/Amit/AppData/Local/MiKTeX/2.9/pdftex/config/pdftex.map}]
LaTeX Font Info:    Trying to load font information for U+msa on input line 30.


("C:\Users\Amit\AppData\Local\Programs\MiKTeX 2.9\tex/latex/amsfonts\umsa.fd"
File: umsa.fd 2013/01/14 v3.01 AMS symbols A
)
LaTeX Font Info:    Trying to load font information for U+msb on input line 30.


("C:\Users\Amit\AppData\Local\Programs\MiKTeX 2.9\tex/latex/amsfonts\umsb.fd"
File: umsb.fd 2013/01/14 v3.01 AMS symbols B
)
Underfull \hbox (badness 10000) in paragraph at lines 34--36

 []


Underfull \hbox (badness 10000) in paragraph at lines 52--53

 []


Underfull \hbox (badness 10000) in paragraph at lines 58--59

 []


Underfull \hbox (badness 10000) in paragraph at lines 60--61

 []


Underfull \hbox (badness 10000) in paragraph at lines 68--69

 []

[2] [3]
Underfull \hbox (badness 10000) in paragraph at lines 150--151

 []


Underfull \hbox (badness 10000) in paragraph at lines 152--153

 []


Underfull \hbox (badness 10000) in paragraph at lines 156--157

 []

[4]
Underfull \hbox (badness 10000) in paragraph at lines 231--232

 []


Underfull \hbox (badness 10000) in paragraph at lines 245--246

 []


Underfull \hbox (badness 10000) in paragraph at lines 251--252

 []


Underfull \hbox (badness 10000) in paragraph at lines 264--265

 []

[5]
Underfull \hbox (badness 10000) in paragraph at lines 313--314

 []

Package epstopdf Info: Source file: <Complexity.eps>
(epstopdf)                    date: 2020-03-26 22:51:03
(epstopdf)                    size: 16424 bytes
(epstopdf)             Output file: <Complexity-eps-converted-to.pdf>
(epstopdf)                    date: 2020-03-26 22:51:08
(epstopdf)                    size: 5415 bytes
(epstopdf)             Command: <epstopdf --outfile=Complexity-eps-converted-to
.pdf Complexity.eps>
(epstopdf)             \includegraphics on input line 332.
Package epstopdf Info: Output file is already uptodate.


pdfTeX warning: pdflatex (file ./Complexity-eps-converted-to.pdf): PDF inclusio
n: found PDF version <1.7>, but at most version <1.5> allowed
<Complexity-eps-converted-to.pdf, id=33, 421.575pt x 316.18124pt>
File: Complexity-eps-converted-to.pdf Graphic file (type pdf)
<use Complexity-eps-converted-to.pdf>
Package pdftex.def Info: Complexity-eps-converted-to.pdf  used on input line 33
2.
(pdftex.def)             Requested size: 290.88705pt x 218.16528pt.
[6 <./Complexity-eps-converted-to.pdf>]
Underfull \hbox (badness 10000) in paragraph at lines 349--350

 []


Underfull \hbox (badness 10000) in paragraph at lines 415--416

 []

[7]
Underfull \hbox (badness 10000) in paragraph at lines 431--432

 []


Underfull \hbox (badness 10000) in paragraph at lines 433--434

 []

[8]
("C:\Users\Amit\AppData\Local\Programs\MiKTeX 2.9\tex/latex/listings\lstlang1.s
ty"
File: lstlang1.sty 2019/09/10 1.8c listings language file
)
Package hyperref Info: bookmark level for unknown lstlisting defaults to 0 on i
nput line 460.
 (Mul.m) (Inv.m) (Sims.m) (Orb.m [9]
LaTeX Font Info:    Trying to load font information for OML+cmr on input line 8
.

("C:\Users\Amit\AppData\Local\Programs\MiKTeX 2.9\tex/latex/base\omlcmr.fd"
File: omlcmr.fd 2019/12/16 v2.5j Standard LaTeX font definitions
)
LaTeX Font Info:    Font shape `OML/cmr/m/n' in size <12> not available
(Font)              Font shape `OML/cmm/m/it' tried instead on input line 8.
)
(Phi.m) (Stab.m [10]) (Ord.m
Overfull \hbox (91.71498pt too wide) in paragraph at lines 14--15
[][][][][][][][][][][][][][][][][][][][][][][][][][][][][][][][][][][][][][][][
] 
 []

) (Untitled7.m [11]
Overfull \hbox (42.36507pt too wide) in paragraph at lines 27--28
[][][][][][][][][][][][][][] 
 []

) (Question9.m)
Package atveryend Info: Empty hook `BeforeClearDocument' on input line 502.
 [12]
Package atveryend Info: Empty hook `AfterLastShipout' on input line 502.
 (Writeup.aux)
Package atveryend Info: Executing hook `AtVeryEndDocument' on input line 502.
Package atveryend Info: Executing hook `AtEndAfterFileList' on input line 502.
Package rerunfilecheck Info: File `Writeup.out' has not changed.
(rerunfilecheck)             Checksum: D41D8CD98F00B204E9800998ECF8427E;0.
Package atveryend Info: Empty hook `AtVeryVeryEnd' on input line 502.
 ) 
Here is how much of TeX's memory you used:
 9316 strings out of 480934
 136640 string characters out of 2900386
 609235 words of memory out of 3000000
 24842 multiletter control sequences out of 15000+200000
 539500 words of font info for 50 fonts, out of 3000000 for 9000
 1141 hyphenation exceptions out of 8191
 34i,10n,42p,483b,1822s stack positions out of 5000i,500n,10000p,200000b,50000s
 <C:\Users\Amit\AppData\Local\MiKTeX\2.9\fonts/pk/ljfour/jknappen/ec/dpi600\t
crm1200.pk><C:/Users/Amit/AppData/Local/Programs/MiKTeX 2.9/fonts/type1/public/
amsfonts/cm/cmbx12.pfb><C:/Users/Amit/AppData/Local/Programs/MiKTeX 2.9/fonts/t
ype1/public/amsfonts/cm/cmex10.pfb><C:/Users/Amit/AppData/Local/Programs/MiKTeX
 2.9/fonts/type1/public/amsfonts/cm/cmmi12.pfb><C:/Users/Amit/AppData/Local/Pro
grams/MiKTeX 2.9/fonts/type1/public/amsfonts/cm/cmmi6.pfb><C:/Users/Amit/AppDat
a/Local/Programs/MiKTeX 2.9/fonts/type1/public/amsfonts/cm/cmmi8.pfb><C:/Users/
Amit/AppData/Local/Programs/MiKTeX 2.9/fonts/type1/public/amsfonts/cm/cmr12.pfb
><C:/Users/Amit/AppData/Local/Programs/MiKTeX 2.9/fonts/type1/public/amsfonts/c
m/cmr17.pfb><C:/Users/Amit/AppData/Local/Programs/MiKTeX 2.9/fonts/type1/public
/amsfonts/cm/cmr6.pfb><C:/Users/Amit/AppData/Local/Programs/MiKTeX 2.9/fonts/ty
pe1/public/amsfonts/cm/cmr8.pfb><C:/Users/Amit/AppData/Local/Programs/MiKTeX 2.
9/fonts/type1/public/amsfonts/cm/cmsy10.pfb><C:/Users/Amit/AppData/Local/Progra
ms/MiKTeX 2.9/fonts/type1/public/amsfonts/cm/cmsy6.pfb><C:/Users/Amit/AppData/L
ocal/Programs/MiKTeX 2.9/fonts/type1/public/amsfonts/cm/cmsy8.pfb><C:/Users/Ami
t/AppData/Local/Programs/MiKTeX 2.9/fonts/type1/public/amsfonts/cm/cmti12.pfb>
Output written on Writeup.pdf (12 pages, 207568 bytes).
PDF statistics:
 315 PDF objects out of 1000 (max. 8388607)
 174 named destinations out of 1000 (max. 500000)
 6 words of extra memory for PDF output out of 10000 (max. 10000000)

