This is pdfTeX, Version 3.14159265-2.6-1.40.21 (MiKTeX 2.9.7350 64-bit) (preloaded format=pdflatex 2020.4.4)  7 APR 2020 12:36
entering extended mode
**./Writeup.tex
(Writeup.tex
LaTeX2e <2020-02-02> patch level 5
L3 programming layer <2020-03-06>
("C:\Users\Amit\AppData\Local\Programs\MiKTeX 2.9\tex/latex/extsizes\extarticle
.cls"
Document Class: extarticle 1996/10/08 v1.0 Non Standard LaTeX document class
("C:\Users\Amit\AppData\Local\Programs\MiKTeX 2.9\tex/latex/base\size12.clo"
File: size12.clo 2019/12/20 v1.4l Standard LaTeX file (size option)
)
("C:\Users\Amit\AppData\Local\Programs\MiKTeX 2.9\tex/latex/base\exscale.sty"
Package: exscale 2018/09/24 v2.1i Standard LaTeX package exscale
LaTeX Font Info:    Redeclaring symbol font `largesymbols' on input line 57.
LaTeX Font Info:    Overwriting symbol font `largesymbols' in version `normal'
(Font)                  OMX/cmex/m/n --> OMX/cmex/m/n on input line 57.
LaTeX Font Info:    Overwriting symbol font `largesymbols' in version `bold'
(Font)                  OMX/cmex/m/n --> OMX/cmex/m/n on input line 57.
\big@size=\dimen134
)
\c@part=\count167
\c@section=\count168
\c@subsection=\count169
\c@subsubsection=\count170
\c@paragraph=\count171
\c@subparagraph=\count172
\c@figure=\count173
\c@table=\count174
\abovecaptionskip=\skip47
\belowcaptionskip=\skip48
\bibindent=\dimen135
)
("C:\Users\Amit\AppData\Local\Programs\MiKTeX 2.9\tex/latex/geometry\geometry.s
ty"
Package: geometry 2020/01/02 v5.9 Page Geometry

("C:\Users\Amit\AppData\Local\Programs\MiKTeX 2.9\tex/latex/graphics\keyval.sty
"
Package: keyval 2014/10/28 v1.15 key=value parser (DPC)
\KV@toks@=\toks15
)
("C:\Users\Amit\AppData\Local\Programs\MiKTeX 2.9\tex/generic/iftex\ifvtex.sty"
Package: ifvtex 2019/10/25 v1.7 ifvtex legacy package. Use iftex instead.
("C:\Users\Amit\AppData\Local\Programs\MiKTeX 2.9\tex/generic/iftex\iftex.sty"
Package: iftex 2020/03/06 v1.0d TeX engine tests
))
\Gm@cnth=\count175
\Gm@cntv=\count176
\c@Gm@tempcnt=\count177
\Gm@bindingoffset=\dimen136
\Gm@wd@mp=\dimen137
\Gm@odd@mp=\dimen138
\Gm@even@mp=\dimen139
\Gm@layoutwidth=\dimen140
\Gm@layoutheight=\dimen141
\Gm@layouthoffset=\dimen142
\Gm@layoutvoffset=\dimen143
\Gm@dimlist=\toks16

("C:\Users\Amit\AppData\Local\Programs\MiKTeX 2.9\tex/latex/geometry\geometry.c
fg"))
("C:\Users\Amit\AppData\Local\Programs\MiKTeX 2.9\tex/latex/graphics\graphicx.s
ty"
Package: graphicx 2019/11/30 v1.2a Enhanced LaTeX Graphics (DPC,SPQR)

("C:\Users\Amit\AppData\Local\Programs\MiKTeX 2.9\tex/latex/graphics\graphics.s
ty"
Package: graphics 2019/11/30 v1.4a Standard LaTeX Graphics (DPC,SPQR)

("C:\Users\Amit\AppData\Local\Programs\MiKTeX 2.9\tex/latex/graphics\trig.sty"
Package: trig 2016/01/03 v1.10 sin cos tan (DPC)
)
("C:\Users\Amit\AppData\Local\Programs\MiKTeX 2.9\tex/latex/graphics-cfg\graphi
cs.cfg"
File: graphics.cfg 2016/06/04 v1.11 sample graphics configuration
)
Package graphics Info: Driver file: pdftex.def on input line 105.

("C:\Users\Amit\AppData\Local\Programs\MiKTeX 2.9\tex/latex/graphics-def\pdftex
.def"
File: pdftex.def 2018/01/08 v1.0l Graphics/color driver for pdftex
))
\Gin@req@height=\dimen144
\Gin@req@width=\dimen145
)
("C:\Users\Amit\AppData\Local\Programs\MiKTeX 2.9\tex/latex/amsmath\amsmath.sty
"
Package: amsmath 2020/01/20 v2.17e AMS math features
\@mathmargin=\skip49

For additional information on amsmath, use the `?' option.
("C:\Users\Amit\AppData\Local\Programs\MiKTeX 2.9\tex/latex/amsmath\amstext.sty
"
Package: amstext 2000/06/29 v2.01 AMS text
 ("C:\Users\Amit\AppData\Local\Programs\MiKTeX 2.9\tex/latex/amsmath\amsgen.sty
"
File: amsgen.sty 1999/11/30 v2.0 generic functions
\@emptytoks=\toks17
\ex@=\dimen146
))
("C:\Users\Amit\AppData\Local\Programs\MiKTeX 2.9\tex/latex/amsmath\amsbsy.sty"
Package: amsbsy 1999/11/29 v1.2d Bold Symbols
\pmbraise@=\dimen147
) ("C:\Users\Amit\AppData\Local\Programs\MiKTeX 2.9\tex/latex/amsmath\amsopn.st
y"
Package: amsopn 2016/03/08 v2.02 operator names
)
\inf@bad=\count178
LaTeX Info: Redefining \frac on input line 227.
\uproot@=\count179
\leftroot@=\count180
LaTeX Info: Redefining \overline on input line 389.
\classnum@=\count181
\DOTSCASE@=\count182
LaTeX Info: Redefining \ldots on input line 486.
LaTeX Info: Redefining \dots on input line 489.
LaTeX Info: Redefining \cdots on input line 610.
\Mathstrutbox@=\box45
\strutbox@=\box46
\big@size=\dimen148
LaTeX Font Info:    Redeclaring font encoding OML on input line 733.
LaTeX Font Info:    Redeclaring font encoding OMS on input line 734.
\macc@depth=\count183
\c@MaxMatrixCols=\count184
\dotsspace@=\muskip16
\c@parentequation=\count185
\dspbrk@lvl=\count186
\tag@help=\toks18
\row@=\count187
\column@=\count188
\maxfields@=\count189
\andhelp@=\toks19
\eqnshift@=\dimen149
\alignsep@=\dimen150
\tagshift@=\dimen151
\tagwidth@=\dimen152
\totwidth@=\dimen153
\lineht@=\dimen154
\@envbody=\toks20
\multlinegap=\skip50
\multlinetaggap=\skip51
\mathdisplay@stack=\toks21
LaTeX Info: Redefining \[ on input line 2859.
LaTeX Info: Redefining \] on input line 2860.
)
("C:\Users\Amit\AppData\Local\Programs\MiKTeX 2.9\tex/latex/amsfonts\amssymb.st
y"
Package: amssymb 2013/01/14 v3.01 AMS font symbols

("C:\Users\Amit\AppData\Local\Programs\MiKTeX 2.9\tex/latex/amsfonts\amsfonts.s
ty"
Package: amsfonts 2013/01/14 v3.01 Basic AMSFonts support
\symAMSa=\mathgroup4
\symAMSb=\mathgroup5
LaTeX Font Info:    Redeclaring math symbol \hbar on input line 98.
LaTeX Font Info:    Overwriting math alphabet `\mathfrak' in version `bold'
(Font)                  U/euf/m/n --> U/euf/b/n on input line 106.
))
("C:\Users\Amit\AppData\Local\Programs\MiKTeX 2.9\tex/latex/hyperref\hyperref.s
ty"
Package: hyperref 2020/01/14 v7.00d Hypertext links for LaTeX

("C:\Users\Amit\AppData\Local\Programs\MiKTeX 2.9\tex/generic/ltxcmds\ltxcmds.s
ty"
Package: ltxcmds 2019/12/15 v1.24 LaTeX kernel commands for general use (HO)
)
("C:\Users\Amit\AppData\Local\Programs\MiKTeX 2.9\tex/latex/pdftexcmds\pdftexcm
ds.sty"
Package: pdftexcmds 2019/11/24 v0.31 Utility functions of pdfTeX for LuaTeX (HO
)

("C:\Users\Amit\AppData\Local\Programs\MiKTeX 2.9\tex/generic/infwarerr\infware
rr.sty"
Package: infwarerr 2019/12/03 v1.5 Providing info/warning/error messages (HO)
)
Package pdftexcmds Info: \pdf@primitive is available.
Package pdftexcmds Info: \pdf@ifprimitive is available.
Package pdftexcmds Info: \pdfdraftmode found.
)
("C:\Users\Amit\AppData\Local\Programs\MiKTeX 2.9\tex/generic/kvsetkeys\kvsetke
ys.sty"
Package: kvsetkeys 2019/12/15 v1.18 Key value parser (HO)
)
("C:\Users\Amit\AppData\Local\Programs\MiKTeX 2.9\tex/generic/kvdefinekeys\kvde
finekeys.sty"
Package: kvdefinekeys 2019-12-19 v1.6 Define keys (HO)
)
("C:\Users\Amit\AppData\Local\Programs\MiKTeX 2.9\tex/generic/pdfescape\pdfesca
pe.sty"
Package: pdfescape 2019/12/09 v1.15 Implements pdfTeX's escape features (HO)
)
("C:\Users\Amit\AppData\Local\Programs\MiKTeX 2.9\tex/latex/hycolor\hycolor.sty
"
Package: hycolor 2020-01-27 v1.10 Color options for hyperref/bookmark (HO)
)
("C:\Users\Amit\AppData\Local\Programs\MiKTeX 2.9\tex/latex/letltxmacro\letltxm
acro.sty"
Package: letltxmacro 2019/12/03 v1.6 Let assignment for LaTeX macros (HO)
)
("C:\Users\Amit\AppData\Local\Programs\MiKTeX 2.9\tex/latex/auxhook\auxhook.sty
"
Package: auxhook 2019-12-17 v1.6 Hooks for auxiliary files (HO)
)
("C:\Users\Amit\AppData\Local\Programs\MiKTeX 2.9\tex/latex/kvoptions\kvoptions
.sty"
Package: kvoptions 2019/11/29 v3.13 Key value format for package options (HO)
)
\@linkdim=\dimen155
\Hy@linkcounter=\count190
\Hy@pagecounter=\count191

("C:\Users\Amit\AppData\Local\Programs\MiKTeX 2.9\tex/latex/hyperref\pd1enc.def
"
File: pd1enc.def 2020/01/14 v7.00d Hyperref: PDFDocEncoding definition (HO)
Now handling font encoding PD1 ...
... no UTF-8 mapping file for font encoding PD1
)
("C:\Users\Amit\AppData\Local\Programs\MiKTeX 2.9\tex/generic/intcalc\intcalc.s
ty"
Package: intcalc 2019/12/15 v1.3 Expandable calculations with integers (HO)
)
("C:\Users\Amit\AppData\Local\Programs\MiKTeX 2.9\tex/generic/etexcmds\etexcmds
.sty"
Package: etexcmds 2019/12/15 v1.7 Avoid name clashes with e-TeX commands (HO)
)
\Hy@SavedSpaceFactor=\count192
Package hyperref Info: Hyper figures OFF on input line 4547.
Package hyperref Info: Link nesting OFF on input line 4552.
Package hyperref Info: Hyper index ON on input line 4555.
Package hyperref Info: Plain pages OFF on input line 4562.
Package hyperref Info: Backreferencing OFF on input line 4567.
Package hyperref Info: Implicit mode ON; LaTeX internals redefined.
Package hyperref Info: Bookmarks ON on input line 4800.
\c@Hy@tempcnt=\count193
 ("C:\Users\Amit\AppData\Local\Programs\MiKTeX 2.9\tex/latex/url\url.sty"
\Urlmuskip=\muskip17
Package: url 2013/09/16  ver 3.4  Verb mode for urls, etc.
)
LaTeX Info: Redefining \url on input line 5159.
\XeTeXLinkMargin=\dimen156

("C:\Users\Amit\AppData\Local\Programs\MiKTeX 2.9\tex/generic/bitset\bitset.sty
"
Package: bitset 2019/12/09 v1.3 Handle bit-vector datatype (HO)

("C:\Users\Amit\AppData\Local\Programs\MiKTeX 2.9\tex/generic/bigintcalc\bigint
calc.sty"
Package: bigintcalc 2019/12/15 v1.5 Expandable calculations on big integers (HO
)
))
\Fld@menulength=\count194
\Field@Width=\dimen157
\Fld@charsize=\dimen158
Package hyperref Info: Hyper figures OFF on input line 6430.
Package hyperref Info: Link nesting OFF on input line 6435.
Package hyperref Info: Hyper index ON on input line 6438.
Package hyperref Info: backreferencing OFF on input line 6445.
Package hyperref Info: Link coloring OFF on input line 6450.
Package hyperref Info: Link coloring with OCG OFF on input line 6455.
Package hyperref Info: PDF/A mode OFF on input line 6460.
LaTeX Info: Redefining \ref on input line 6500.
LaTeX Info: Redefining \pageref on input line 6504.

("C:\Users\Amit\AppData\Local\Programs\MiKTeX 2.9\tex/generic/atbegshi\atbegshi
.sty"
Package: atbegshi 2019/12/05 v1.19 At begin shipout hook (HO)
)
\Hy@abspage=\count195
\c@Item=\count196
\c@Hfootnote=\count197
)
Package hyperref Info: Driver (autodetected): hpdftex.

("C:\Users\Amit\AppData\Local\Programs\MiKTeX 2.9\tex/latex/hyperref\hpdftex.de
f"
File: hpdftex.def 2020/01/14 v7.00d Hyperref driver for pdfTeX

("C:\Users\Amit\AppData\Local\Programs\MiKTeX 2.9\tex/latex/atveryend\atveryend
.sty"
Package: atveryend 2019-12-11 v1.11 Hooks at the very end of document (HO)
Package atveryend Info: \enddocument detected (standard20110627).
)
\Fld@listcount=\count198
\c@bookmark@seq@number=\count199

("C:\Users\Amit\AppData\Local\Programs\MiKTeX 2.9\tex/latex/rerunfilecheck\reru
nfilecheck.sty"
Package: rerunfilecheck 2019/12/05 v1.9 Rerun checks for auxiliary files (HO)

("C:\Users\Amit\AppData\Local\Programs\MiKTeX 2.9\tex/generic/uniquecounter\uni
quecounter.sty"
Package: uniquecounter 2019/12/15 v1.4 Provide unlimited unique counter (HO)
)
Package uniquecounter Info: New unique counter `rerunfilecheck' on input line 2
86.
)
\Hy@SectionHShift=\skip52
)
("C:\Users\Amit\AppData\Local\Programs\MiKTeX 2.9\tex/latex/listings\listings.s
ty"
\lst@mode=\count266
\lst@gtempboxa=\box47
\lst@token=\toks22
\lst@length=\count267
\lst@currlwidth=\dimen159
\lst@column=\count268
\lst@pos=\count269
\lst@lostspace=\dimen160
\lst@width=\dimen161
\lst@newlines=\count270
\lst@lineno=\count271
\lst@maxwidth=\dimen162

("C:\Users\Amit\AppData\Local\Programs\MiKTeX 2.9\tex/latex/listings\lstmisc.st
y"
File: lstmisc.sty 2019/09/10 1.8c (Carsten Heinz)
\c@lstnumber=\count272
\lst@skipnumbers=\count273
\lst@framebox=\box48
)
("C:\Users\Amit\AppData\Local\Programs\MiKTeX 2.9\tex/latex/listings\listings.c
fg"
File: listings.cfg 2019/09/10 1.8c listings configuration
))
Package: listings 2019/09/10 1.8c (Carsten Heinz)

("C:\Users\Amit\AppData\Local\Programs\MiKTeX 2.9\tex/latex/caption\caption.sty
"
Package: caption 2020/01/03 v3.4h Customizing captions (AR)

("C:\Users\Amit\AppData\Local\Programs\MiKTeX 2.9\tex/latex/caption\caption3.st
y"
Package: caption3 2020/01/03 v1.8h caption3 kernel (AR)
Package caption3 Info: TeX engine: e-TeX on input line 61.
\captionmargin=\dimen163
\captionmargin@=\dimen164
\captionwidth=\dimen165
\caption@tempdima=\dimen166
\caption@indent=\dimen167
\caption@parindent=\dimen168
\caption@hangindent=\dimen169
Package caption Info: Standard document class detected.
)
\c@caption@flags=\count274
\c@continuedfloat=\count275
Package caption Info: hyperref package is loaded.
Package caption Info: listings package is loaded.
)
("C:\Users\Amit\AppData\Local\Programs\MiKTeX 2.9\tex/latex/caption\subcaption.
sty"
Package: subcaption 2020/01/22 v1.3d Sub-captions (AR)
\c@subfigure=\count276
\c@subtable=\count277
)
("C:\Users\Amit\AppData\Local\Programs\MiKTeX 2.9\tex/latex/multirow\multirow.s
ty"
Package: multirow 2019/05/31 v2.5 Span multiple rows of a table
\multirow@colwidth=\skip53
\multirow@cntb=\count278
\multirow@dima=\skip54
\bigstrutjot=\dimen170
) ("C:\Users\Amit\AppData\Local\Programs\MiKTeX 2.9\tex/latex/tools\bm.sty"
Package: bm 2019/07/24 v1.2d Bold Symbol Support (DPC/FMi)
\symboldoperators=\mathgroup6
\symboldletters=\mathgroup7
\symboldsymbols=\mathgroup8
LaTeX Font Info:    Redeclaring math alphabet \mathbf on input line 141.
LaTeX Info: Redefining \bm on input line 209.
) ("C:\Users\Amit\AppData\Local\Programs\MiKTeX 2.9\tex/latex/float\float.sty"
Package: float 2001/11/08 v1.3d Float enhancements (AL)
\c@float@type=\count279
\float@exts=\toks23
\float@box=\box49
\@float@everytoks=\toks24
\@floatcapt=\box50
)
("C:\Users\Amit\AppData\Local\Programs\MiKTeX 2.9\tex/latex/placeins\placeins.s
ty"
Package: placeins 2005/04/18  v 2.2
)
("C:\Users\Amit\AppData\Local\Programs\MiKTeX 2.9\tex/latex/pdfpages\pdfpages.s
ty"
Package: pdfpages 2020/01/28 v0.5q Insert pages of external PDF documents (AM)
 ("C:\Users\Amit\AppData\Local\Programs\MiKTeX 2.9\tex/latex/base\ifthen.sty"
Package: ifthen 2014/09/29 v1.1c Standard LaTeX ifthen package (DPC)
) ("C:\Users\Amit\AppData\Local\Programs\MiKTeX 2.9\tex/latex/tools\calc.sty"
Package: calc 2017/05/25 v4.3 Infix arithmetic (KKT,FJ)
\calc@Acount=\count280
\calc@Bcount=\count281
\calc@Adimen=\dimen171
\calc@Bdimen=\dimen172
\calc@Askip=\skip55
\calc@Bskip=\skip56
LaTeX Info: Redefining \setlength on input line 80.
LaTeX Info: Redefining \addtolength on input line 81.
\calc@Ccount=\count282
\calc@Cskip=\skip57
) ("C:\Users\Amit\AppData\Local\Programs\MiKTeX 2.9\tex/latex/eso-pic\eso-pic.s
ty"
Package: eso-pic 2018/04/12 v2.0h eso-pic (RN)
 ("C:\Users\Amit\AppData\Local\Programs\MiKTeX 2.9\tex/latex/xcolor\xcolor.sty"
Package: xcolor 2016/05/11 v2.12 LaTeX color extensions (UK)

("C:\Users\Amit\AppData\Local\Programs\MiKTeX 2.9\tex/latex/graphics-cfg\color.
cfg"
File: color.cfg 2016/01/02 v1.6 sample color configuration
)
Package xcolor Info: Driver file: pdftex.def on input line 225.
Package xcolor Info: Model `cmy' substituted by `cmy0' on input line 1348.
Package xcolor Info: Model `hsb' substituted by `rgb' on input line 1352.
Package xcolor Info: Model `RGB' extended on input line 1364.
Package xcolor Info: Model `HTML' substituted by `rgb' on input line 1366.
Package xcolor Info: Model `Hsb' substituted by `hsb' on input line 1367.
Package xcolor Info: Model `tHsb' substituted by `hsb' on input line 1368.
Package xcolor Info: Model `HSB' substituted by `hsb' on input line 1369.
Package xcolor Info: Model `Gray' substituted by `gray' on input line 1370.
Package xcolor Info: Model `wave' substituted by `hsb' on input line 1371.
))
\AM@pagewidth=\dimen173
\AM@pageheight=\dimen174

("C:\Users\Amit\AppData\Local\Programs\MiKTeX 2.9\tex/latex/pdfpages\pppdftex.d
ef"
File: pppdftex.def 2020/01/28 v0.5q Pdfpages driver for pdfTeX (AM)
)
\AM@pagebox=\box51
\AM@global@opts=\toks25
\AM@pagecnt=\count283
\AM@toc@title=\toks26
\c@AM@survey=\count284
\AM@templatesizebox=\box52
)
("C:\Users\Amit\AppData\Local\Programs\MiKTeX 2.9\tex/latex/l3backend\l3backend
-pdfmode.def"
File: l3backend-pdfmode.def 2020-03-12 L3 backend support: PDF mode
\l__kernel_color_stack_int=\count285
\l__pdf_internal_box=\box53
) (Writeup.aux)
\openout1 = `Writeup.aux'.

LaTeX Font Info:    Checking defaults for OML/cmm/m/it on input line 16.
LaTeX Font Info:    ... okay on input line 16.
LaTeX Font Info:    Checking defaults for OMS/cmsy/m/n on input line 16.
LaTeX Font Info:    ... okay on input line 16.
LaTeX Font Info:    Checking defaults for OT1/cmr/m/n on input line 16.
LaTeX Font Info:    ... okay on input line 16.
LaTeX Font Info:    Checking defaults for T1/cmr/m/n on input line 16.
LaTeX Font Info:    ... okay on input line 16.
LaTeX Font Info:    Checking defaults for TS1/cmr/m/n on input line 16.
LaTeX Font Info:    ... okay on input line 16.
LaTeX Font Info:    Checking defaults for OMX/cmex/m/n on input line 16.
LaTeX Font Info:    ... okay on input line 16.
LaTeX Font Info:    Checking defaults for U/cmr/m/n on input line 16.
LaTeX Font Info:    ... okay on input line 16.
LaTeX Font Info:    Checking defaults for PD1/pdf/m/n on input line 16.
LaTeX Font Info:    ... okay on input line 16.

*geometry* driver: auto-detecting
*geometry* detected driver: pdftex
*geometry* verbose mode - [ preamble ] result:
* driver: pdftex
* paper: <default>
* layout: <same size as paper>
* layoutoffset:(h,v)=(0.0pt,0.0pt)
* modes: 
* h-part:(L,W,R)=(56.9055pt, 500.484pt, 56.9055pt)
* v-part:(T,H,B)=(56.9055pt, 681.15898pt, 56.9055pt)
* \paperwidth=614.295pt
* \paperheight=794.96999pt
* \textwidth=500.484pt
* \textheight=681.15898pt
* \oddsidemargin=-15.36449pt
* \evensidemargin=-15.36449pt
* \topmargin=-52.36449pt
* \headheight=12.0pt
* \headsep=25.0pt
* \topskip=12.0pt
* \footskip=30.0pt
* \marginparwidth=44.0pt
* \marginparsep=10.0pt
* \columnsep=10.0pt
* \skip\footins=10.8pt plus 4.0pt minus 2.0pt
* \hoffset=0.0pt
* \voffset=0.0pt
* \mag=1000
* \@twocolumnfalse
* \@twosidefalse
* \@mparswitchfalse
* \@reversemarginfalse
* (1in=72.27pt=25.4mm, 1cm=28.453pt)


("C:\Users\Amit\AppData\Local\Programs\MiKTeX 2.9\tex/context/base/mkii\supp-pd
f.mkii"
[Loading MPS to PDF converter (version 2006.09.02).]
\scratchcounter=\count286
\scratchdimen=\dimen175
\scratchbox=\box54
\nofMPsegments=\count287
\nofMParguments=\count288
\everyMPshowfont=\toks27
\MPscratchCnt=\count289
\MPscratchDim=\dimen176
\MPnumerator=\count290
\makeMPintoPDFobject=\count291
\everyMPtoPDFconversion=\toks28
)
("C:\Users\Amit\AppData\Local\Programs\MiKTeX 2.9\tex/latex/epstopdf-pkg\epstop
df-base.sty"
Package: epstopdf-base 2020-01-24 v2.11 Base part for package epstopdf
Package epstopdf-base Info: Redefining graphics rule for `.eps' on input line 4
85.
)
\AtBeginShipoutBox=\box55
Package hyperref Info: Link coloring OFF on input line 16.

("C:\Users\Amit\AppData\Local\Programs\MiKTeX 2.9\tex/latex/hyperref\nameref.st
y"
Package: nameref 2019/09/16 v2.46 Cross-referencing by name of section

("C:\Users\Amit\AppData\Local\Programs\MiKTeX 2.9\tex/latex/refcount\refcount.s
ty"
Package: refcount 2019/12/15 v3.6 Data extraction from label references (HO)
)
("C:\Users\Amit\AppData\Local\Programs\MiKTeX 2.9\tex/generic/gettitlestring\ge
ttitlestring.sty"
Package: gettitlestring 2019/12/15 v1.6 Cleanup title references (HO)
)
\c@section@level=\count292
)
LaTeX Info: Redefining \ref on input line 16.
LaTeX Info: Redefining \pageref on input line 16.
LaTeX Info: Redefining \nameref on input line 16.
 (Writeup.out) (Writeup.out)
\@outlinefile=\write3
\openout3 = `Writeup.out'.

\c@lstlisting=\count293
Package caption Info: Begin \AtBeginDocument code.
Package caption Info: float package is loaded.
Package caption Info: End \AtBeginDocument code.

("C:\Users\Amit\AppData\Local\Programs\MiKTeX 2.9\tex/latex/pdflscape\pdflscape
.sty"
Package: pdflscape 2019/12/05 v0.12 Display of landscape pages in PDF (HO)

("C:\Users\Amit\AppData\Local\Programs\MiKTeX 2.9\tex/latex/graphics\lscape.sty
"
Package: lscape 2000/10/22 v3.01 Landscape Pages (DPC)
)
Package pdflscape Info: Auto-detected driver: pdftex on input line 81.
) [1

{C:/Users/Amit/AppData/Local/MiKTeX/2.9/pdftex/config/pdftex.map}]
LaTeX Font Info:    Trying to load font information for U+msa on input line 39.


("C:\Users\Amit\AppData\Local\Programs\MiKTeX 2.9\tex/latex/amsfonts\umsa.fd"
File: umsa.fd 2013/01/14 v3.01 AMS symbols A
)
LaTeX Font Info:    Trying to load font information for U+msb on input line 39.


("C:\Users\Amit\AppData\Local\Programs\MiKTeX 2.9\tex/latex/amsfonts\umsb.fd"
File: umsb.fd 2013/01/14 v3.01 AMS symbols B
)
Overfull \hbox (20.21167pt too wide) detected at line 65
\OML/cmm/m/it/12 g[][] \OT1/cmr/m/n/12 + \OML/cmm/m/it/12 g[][] \OT1/cmr/m/n/12
 = 1 \OMS/cmsy/m/n/12   \OML/cmm/m/it/12 g[] [][] \OT1/cmr/m/n/12 + 2\OML/cmm/m
/it/12 g[] [] [] \OMS/cmsy/m/n/12   \OML/cmm/m/it/12 g[] [][]
 []


Overfull \hbox (25.02065pt too wide) detected at line 67
\OML/cmm/m/it/12 g[][] \OT1/cmr/m/n/12 + \OML/cmm/m/it/12 g[][] \OT1/cmr/m/n/12
 = 1 \OMS/cmsy/m/n/12   [] []
 []

[2]
Underfull \hbox (badness 10000) in paragraph at lines 83--84

 []


Underfull \hbox (badness 10000) in paragraph at lines 116--117

 []

[3]
Underfull \hbox (badness 10000) in paragraph at lines 118--119

 []


Underfull \hbox (badness 10000) in paragraph at lines 120--121

 []


Underfull \hbox (badness 10000) in paragraph at lines 122--123

 []


Underfull \hbox (badness 10000) in paragraph at lines 124--125

 []


Underfull \hbox (badness 10000) in paragraph at lines 126--127

 []


Underfull \hbox (badness 10000) in paragraph at lines 128--129

 []


Underfull \hbox (badness 10000) in paragraph at lines 130--131

 []


Underfull \hbox (badness 10000) in paragraph at lines 132--133

 []


Underfull \hbox (badness 10000) in paragraph at lines 143--144

 []

[4]
Underfull \hbox (badness 10000) in paragraph at lines 151--152

 []


Underfull \hbox (badness 10000) in paragraph at lines 153--154

 []


Underfull \hbox (badness 10000) in paragraph at lines 155--156

 []

[5]
<Christoffel_Kerr_1.png, id=35, 513.41812pt x 362.10281pt>
File: Christoffel_Kerr_1.png Graphic file (type png)
<use Christoffel_Kerr_1.png>
Package pdftex.def Info: Christoffel_Kerr_1.png  used on input line 189.
(pdftex.def)             Requested size: 425.41444pt x 300.03693pt.
<Christoffel_Kerr_2.png, id=37, 622.57594pt x 359.84438pt>
File: Christoffel_Kerr_2.png Graphic file (type png)
<use Christoffel_Kerr_2.png>
Package pdftex.def Info: Christoffel_Kerr_2.png  used on input line 195.
(pdftex.def)             Requested size: 425.41444pt x 245.88792pt.
<Christoffel_Sch.png, id=38, 298.86656pt x 236.38312pt>
File: Christoffel_Sch.png Graphic file (type png)
<use Christoffel_Sch.png>
Package pdftex.def Info: Christoffel_Sch.png  used on input line 205.
(pdftex.def)             Requested size: 298.86581pt x 236.38254pt.


LaTeX Warning: `h' float specifier changed to `ht'.

<PotentialSch.png, id=39, 530.73282pt x 324.46219pt>
File: PotentialSch.png Graphic file (type png)
<use PotentialSch.png>
Package pdftex.def Info: PotentialSch.png  used on input line 212.
(pdftex.def)             Requested size: 318.44214pt x 194.6788pt.

LaTeX Warning: `h' float specifier changed to `ht'.

<parta_t.png, id=40, 276.28218pt x 163.3603pt>
File: parta_t.png Graphic file (type png)
<use parta_t.png>
Package pdftex.def Info: parta_t.png  used on input line 220.
(pdftex.def)             Requested size: 200.19054pt x 118.36711pt.
<parta_phi.png, id=41, 277.035pt x 167.87718pt>
File: parta_phi.png Graphic file (type png)
<use parta_phi.png>
Package pdftex.def Info: parta_phi.png  used on input line 226.
(pdftex.def)             Requested size: 200.19054pt x 121.31207pt.
<parta_r.png, id=42, 274.77657pt x 166.37157pt>
File: parta_r.png Graphic file (type png)
<use parta_r.png>
Package pdftex.def Info: parta_r.png  used on input line 232.
(pdftex.def)             Requested size: 200.19054pt x 121.21413pt.
<parta_theta.png, id=43, 275.52937pt x 168.63pt>
File: parta_theta.png Graphic file (type png)
<use parta_theta.png>
Package pdftex.def Info: parta_theta.png  used on input line 238.
(pdftex.def)             Requested size: 200.19054pt x 122.52507pt.

LaTeX Warning: `h' float specifier changed to `ht'.

<numeracc_E.png, id=44, 274.02374pt x 149.05687pt>
File: numeracc_E.png Graphic file (type png)
<use numeracc_E.png>
Package pdftex.def Info: numeracc_E.png  used on input line 248.
(pdftex.def)             Requested size: 225.21626pt x 122.50945pt.
<numeracc_Lz.png, id=45, 272.51813pt x 147.55125pt>
File: numeracc_Lz.png Graphic file (type png)
<use numeracc_Lz.png>
Package pdftex.def Info: numeracc_Lz.png  used on input line 254.
(pdftex.def)             Requested size: 225.21626pt x 121.94064pt.
<numeracc_v.png, id=46, 271.0125pt x 147.55125pt>
File: numeracc_v.png Graphic file (type png)
<use numeracc_v.png>
Package pdftex.def Info: numeracc_v.png  used on input line 260.
(pdftex.def)             Requested size: 225.21626pt x 122.62283pt.

LaTeX Warning: `h' float specifier changed to `ht'.

<3b_r_8.png, id=47, 271.76532pt x 158.84344pt>
File: 3b_r_8.png Graphic file (type png)
<use 3b_r_8.png>
Package pdftex.def Info: 3b_r_8.png  used on input line 271.
(pdftex.def)             Requested size: 200.19054pt x 117.01392pt.
<3b_r_11.png, id=48, 274.02374pt x 160.34906pt>
File: 3b_r_11.png Graphic file (type png)
<use 3b_r_11.png>
Package pdftex.def Info: 3b_r_11.png  used on input line 277.
(pdftex.def)             Requested size: 200.19054pt x 117.1468pt.
<3b_r_14.png, id=49, 273.27094pt x 159.59625pt>
File: 3b_r_14.png Graphic file (type png)
<use 3b_r_14.png>
Package pdftex.def Info: 3b_r_14.png  used on input line 283.
(pdftex.def)             Requested size: 200.19054pt x 116.91583pt.
<3b_r_17.png, id=50, 274.02374pt x 163.3603pt>
File: 3b_r_17.png Graphic file (type png)
<use 3b_r_17.png>
Package pdftex.def Info: 3b_r_17.png  used on input line 289.
(pdftex.def)             Requested size: 200.19054pt x 119.34674pt.
<3b_r_20.png, id=51, 274.02374pt x 164.11313pt>
File: 3b_r_20.png Graphic file (type png)
<use 3b_r_20.png>
Package pdftex.def Info: 3b_r_20.png  used on input line 295.
(pdftex.def)             Requested size: 200.19054pt x 119.89673pt.
<3b_r_23.png, id=52, 272.51813pt x 163.3603pt>
File: 3b_r_23.png Graphic file (type png)
<use 3b_r_23.png>
Package pdftex.def Info: 3b_r_23.png  used on input line 301.
(pdftex.def)             Requested size: 200.19054pt x 120.00232pt.

LaTeX Warning: `h' float specifier changed to `ht'.

<3c_ra_t.png, id=53, 274.02374pt x 161.85469pt>
File: 3c_ra_t.png Graphic file (type png)
<use 3c_ra_t.png>
Package pdftex.def Info: 3c_ra_t.png  used on input line 312.
(pdftex.def)             Requested size: 200.19054pt x 118.24678pt.
<3c_ra_phi.png, id=54, 274.02374pt x 167.12437pt>
File: 3c_ra_phi.png Graphic file (type png)
<use 3c_ra_phi.png>
Package pdftex.def Info: 3c_ra_phi.png  used on input line 318.
(pdftex.def)             Requested size: 200.19054pt x 122.09666pt.
<3c_ra_r.png, id=55, 273.27094pt x 166.37157pt>
File: 3c_ra_r.png Graphic file (type png)
<use 3c_ra_r.png>
Package pdftex.def Info: 3c_ra_r.png  used on input line 324.
(pdftex.def)             Requested size: 200.19054pt x 121.87924pt.
<3c_ra_theta.png, id=56, 275.52937pt x 167.12437pt>
File: 3c_ra_theta.png Graphic file (type png)
<use 3c_ra_theta.png>
Package pdftex.def Info: 3c_ra_theta.png  used on input line 330.
(pdftex.def)             Requested size: 200.19054pt x 121.43109pt.

LaTeX Warning: `h' float specifier changed to `ht'.

<3c_R_t.png, id=57, 274.77657pt x 161.85469pt>
File: 3c_R_t.png Graphic file (type png)
<use 3c_R_t.png>
Package pdftex.def Info: 3c_R_t.png  used on input line 341.
(pdftex.def)             Requested size: 200.19054pt x 117.92325pt.
<3c_R_phi.png, id=58, 274.02374pt x 166.37157pt>
File: 3c_R_phi.png Graphic file (type png)
<use 3c_R_phi.png>
Package pdftex.def Info: 3c_R_phi.png  used on input line 347.
(pdftex.def)             Requested size: 200.19054pt x 121.54668pt.
<3c_R_r.png, id=59, 272.51813pt x 167.87718pt>
File: 3c_R_r.png Graphic file (type png)
<use 3c_R_r.png>
Package pdftex.def Info: 3c_R_r.png  used on input line 353.
(pdftex.def)             Requested size: 200.19054pt x 123.32036pt.
<3c_R_theta.png, id=60, 274.02374pt x 165.61874pt>
File: 3c_R_theta.png Graphic file (type png)
<use 3c_R_theta.png>
Package pdftex.def Info: 3c_R_theta.png  used on input line 359.
(pdftex.def)             Requested size: 200.19054pt x 120.9967pt.

LaTeX Warning: `h' float specifier changed to `ht'.

<3c_E_t.png, id=61, 273.27094pt x 165.61874pt>
File: 3c_E_t.png Graphic file (type png)
<use 3c_E_t.png>
Package pdftex.def Info: 3c_E_t.png  used on input line 370.
(pdftex.def)             Requested size: 200.19054pt x 121.32776pt.
<3c_E_phi.png, id=62, 273.27094pt x 167.12437pt>
File: 3c_E_phi.png Graphic file (type png)
<use 3c_E_phi.png>
Package pdftex.def Info: 3c_E_phi.png  used on input line 376.
(pdftex.def)             Requested size: 200.19054pt x 122.43073pt.
<3c_E_r.png, id=63, 273.27094pt x 164.11313pt>
File: 3c_E_r.png Graphic file (type png)
<use 3c_E_r.png>
Package pdftex.def Info: 3c_E_r.png  used on input line 382.
(pdftex.def)             Requested size: 200.19054pt x 120.22478pt.
<3c_E_theta.png, id=64, 274.02374pt x 165.61874pt>
File: 3c_E_theta.png Graphic file (type png)
<use 3c_E_theta.png>
Package pdftex.def Info: 3c_E_theta.png  used on input line 388.
(pdftex.def)             Requested size: 200.19054pt x 120.9967pt.

LaTeX Warning: `h' float specifier changed to `ht'.

<3c_Lz_t.png, id=65, 273.27094pt x 161.85469pt>
File: 3c_Lz_t.png Graphic file (type png)
<use 3c_Lz_t.png>
Package pdftex.def Info: 3c_Lz_t.png  used on input line 399.
(pdftex.def)             Requested size: 200.19054pt x 118.5703pt.
<3c_Lz_phi.png, id=66, 271.76532pt x 167.87718pt>
File: 3c_Lz_phi.png Graphic file (type png)
<use 3c_Lz_phi.png>
Package pdftex.def Info: 3c_Lz_phi.png  used on input line 405.
(pdftex.def)             Requested size: 200.19054pt x 123.66873pt.
<3c_Lz_r.png, id=67, 272.51813pt x 167.12437pt>
File: 3c_Lz_r.png Graphic file (type png)
<use 3c_Lz_r.png>
Package pdftex.def Info: 3c_Lz_r.png  used on input line 411.
(pdftex.def)             Requested size: 200.19054pt x 122.76735pt.
<3c_Lz_theta.png, id=68, 273.27094pt x 167.12437pt>
File: 3c_Lz_theta.png Graphic file (type png)
<use 3c_Lz_theta.png>
Package pdftex.def Info: 3c_Lz_theta.png  used on input line 417.
(pdftex.def)             Requested size: 200.19054pt x 122.43073pt.

LaTeX Warning: `h' float specifier changed to `ht'.

<4_t.png, id=69, 273.27094pt x 169.38281pt>
File: 4_t.png Graphic file (type png)
<use 4_t.png>
Package pdftex.def Info: 4_t.png  used on input line 428.
(pdftex.def)             Requested size: 200.19054pt x 124.0852pt.
<4_phi.png, id=70, 277.78781pt x 167.87718pt>
File: 4_phi.png Graphic file (type png)
<use 4_phi.png>
Package pdftex.def Info: 4_phi.png  used on input line 434.
(pdftex.def)             Requested size: 200.19054pt x 120.98418pt.
<4_r.png, id=71, 279.29344pt x 170.88844pt>
File: 4_r.png Graphic file (type png)
<use 4_r.png>
Package pdftex.def Info: 4_r.png  used on input line 440.
(pdftex.def)             Requested size: 200.19054pt x 122.49199pt.
<4_theta.png, id=72, 280.04625pt x 170.88844pt>
File: 4_theta.png Graphic file (type png)
<use 4_theta.png>
Package pdftex.def Info: 4_theta.png  used on input line 446.
(pdftex.def)             Requested size: 200.19054pt x 122.16344pt.

LaTeX Warning: `h' float specifier changed to `ht'.

<4_poincare_9.png, id=73, 273.27094pt x 162.6075pt>
File: 4_poincare_9.png Graphic file (type png)
<use 4_poincare_9.png>
Package pdftex.def Info: 4_poincare_9.png  used on input line 457.
(pdftex.def)             Requested size: 200.19054pt x 119.1218pt.
<4_poincare_12.png, id=74, 273.27094pt x 164.86594pt>
File: 4_poincare_12.png Graphic file (type png)
<use 4_poincare_12.png>
Package pdftex.def Info: 4_poincare_12.png  used on input line 463.
(pdftex.def)             Requested size: 200.19054pt x 120.77626pt.
<4_poincare_14.png, id=75, 276.28218pt x 164.11313pt>
File: 4_poincare_14.png Graphic file (type png)
<use 4_poincare_14.png>
Package pdftex.def Info: 4_poincare_14.png  used on input line 469.
(pdftex.def)             Requested size: 200.19054pt x 118.9126pt.

LaTeX Warning: `h' float specifier changed to `ht'.

[6 <./Christoffel_Kerr_1.png> <./Christoffel_Kerr_2.png>] [7 <./Christoffel_Sch
.png> <./PotentialSch.png>] [8 <./parta_t.png> <./parta_phi.png> <./parta_r.png
> <./parta_theta.png> <./numeracc_E.png> <./numeracc_Lz.png> <./numeracc_v.png>
] [9 <./3b_r_8.png> <./3b_r_11.png> <./3b_r_14.png> <./3b_r_17.png> <./3b_r_20.
png> <./3b_r_23.png>] [10 <./3c_ra_t.png> <./3c_ra_phi.png> <./3c_ra_r.png> <./
3c_ra_theta.png> <./3c_R_t.png> <./3c_R_phi.png> <./3c_R_r.png> <./3c_R_theta.p
ng>] [11 <./3c_E_t.png> <./3c_E_phi.png> <./3c_E_r.png> <./3c_E_theta.png> <./3
c_Lz_t.png> <./3c_Lz_phi.png> <./3c_Lz_r.png> <./3c_Lz_theta.png>] [12 <./4_t.p
ng> <./4_phi.png> <./4_r.png> <./4_theta.png> <./4_poincare_9.png> <./4_poincar
e_12.png> <./4_poincare_14.png>]
<Q5.png, id=159, 657.2053pt x 389.20406pt>
File: Q5.png Graphic file (type png)
<use Q5.png>
Package pdftex.def Info: Q5.png  used on input line 481.
(pdftex.def)             Requested size: 512.61807pt x 303.57794pt.

Overfull \hbox (12.13408pt too wide) in paragraph at lines 481--481
 [][] 
 []

[13

 <./Q5.png>]

pdfTeX warning: pdflatex (file ./code.pdf): PDF inclusion: found PDF version <1
.7>, but at most version <1.5> allowed
<code.pdf, id=168, 614.295pt x 794.97pt>
File: code.pdf Graphic file (type pdf)
<use code.pdf>
Package pdftex.def Info: code.pdf  used on input line 522.
(pdftex.def)             Requested size: 614.29349pt x 794.96806pt.


pdfTeX warning: pdflatex (file ./code.pdf): PDF inclusion: found PDF version <1
.7>, but at most version <1.5> allowed
File: code.pdf Graphic file (type pdf)
<use code.pdf>
Package pdftex.def Info: code.pdf  used on input line 522.
(pdftex.def)             Requested size: 614.29349pt x 794.96806pt.


pdfTeX warning: pdflatex (file ./code.pdf): PDF inclusion: found PDF version <1
.7>, but at most version <1.5> allowed


pdfTeX warning: pdflatex (file ./code.pdf): PDF inclusion: found PDF version <1
.7>, but at most version <1.5> allowed
<code.pdf, id=171, page=1, 614.295pt x 794.97pt>
File: code.pdf Graphic file (type pdf)
<use code.pdf, page 1>
Package pdftex.def Info: code.pdf , page1 used on input line 522.
(pdftex.def)             Requested size: 614.29349pt x 794.96806pt.
File: code.pdf Graphic file (type pdf)
<use code.pdf, page 1>
Package pdftex.def Info: code.pdf , page1 used on input line 522.
(pdftex.def)             Requested size: 614.58406pt x 795.3441pt.
File: code.pdf Graphic file (type pdf)
<use code.pdf, page 1>
Package pdftex.def Info: code.pdf , page1 used on input line 522.
(pdftex.def)             Requested size: 614.58406pt x 795.3441pt.
File: code.pdf Graphic file (type pdf)
<use code.pdf, page 1>
Package pdftex.def Info: code.pdf , page1 used on input line 522.
(pdftex.def)             Requested size: 614.58406pt x 795.3441pt.
File: code.pdf Graphic file (type pdf)
<use code.pdf, page 1>
Package pdftex.def Info: code.pdf , page1 used on input line 522.
(pdftex.def)             Requested size: 614.58406pt x 795.3441pt.
[14 <./code.pdf>]

pdfTeX warning: pdflatex (file ./code.pdf): PDF inclusion: found PDF version <1
.7>, but at most version <1.5> allowed
<code.pdf, id=202, page=2, 614.295pt x 794.97pt>
File: code.pdf Graphic file (type pdf)
<use code.pdf, page 2>
Package pdftex.def Info: code.pdf , page2 used on input line 522.
(pdftex.def)             Requested size: 614.58406pt x 795.3441pt.
File: code.pdf Graphic file (type pdf)
<use code.pdf, page 2>
Package pdftex.def Info: code.pdf , page2 used on input line 522.
(pdftex.def)             Requested size: 614.58406pt x 795.3441pt.
File: code.pdf Graphic file (type pdf)
<use code.pdf, page 2>
Package pdftex.def Info: code.pdf , page2 used on input line 522.
(pdftex.def)             Requested size: 614.58406pt x 795.3441pt.
[15 <./code.pdf>]

pdfTeX warning: pdflatex (file ./code.pdf): PDF inclusion: found PDF version <1
.7>, but at most version <1.5> allowed
<code.pdf, id=240, page=3, 614.295pt x 794.97pt>
File: code.pdf Graphic file (type pdf)
<use code.pdf, page 3>
Package pdftex.def Info: code.pdf , page3 used on input line 522.
(pdftex.def)             Requested size: 614.58406pt x 795.3441pt.
File: code.pdf Graphic file (type pdf)
<use code.pdf, page 3>
Package pdftex.def Info: code.pdf , page3 used on input line 522.
(pdftex.def)             Requested size: 614.58406pt x 795.3441pt.
File: code.pdf Graphic file (type pdf)
<use code.pdf, page 3>
Package pdftex.def Info: code.pdf , page3 used on input line 522.
(pdftex.def)             Requested size: 614.58406pt x 795.3441pt.
[16 <./code.pdf>]
Package atveryend Info: Empty hook `BeforeClearDocument' on input line 524.
Package atveryend Info: Empty hook `AfterLastShipout' on input line 524.
 (Writeup.aux)
Package atveryend Info: Executing hook `AtVeryEndDocument' on input line 524.
Package atveryend Info: Executing hook `AtEndAfterFileList' on input line 524.
Package rerunfilecheck Info: File `Writeup.out' has not changed.
(rerunfilecheck)             Checksum: D41D8CD98F00B204E9800998ECF8427E;0.
Package atveryend Info: Empty hook `AtVeryVeryEnd' on input line 524.
 ) 
Here is how much of TeX's memory you used:
 11029 strings out of 480934
 169992 string characters out of 2900386
 452783 words of memory out of 3000000
 26633 multiletter control sequences out of 15000+200000
 543473 words of font info for 64 fonts, out of 3000000 for 9000
 1141 hyphenation exceptions out of 8191
 41i,18n,46p,351b,540s stack positions out of 5000i,500n,10000p,200000b,50000s
<C:/Users/Amit/AppData/Local/Programs/MiKTeX 2.9/fonts/type1/public/amsfonts/
cm/cmbx12.pfb><C:/Users/Amit/AppData/Local/Programs/MiKTeX 2.9/fonts/type1/publ
ic/amsfonts/cm/cmex10.pfb><C:/Users/Amit/AppData/Local/Programs/MiKTeX 2.9/font
s/type1/public/amsfonts/cm/cmmi10.pfb><C:/Users/Amit/AppData/Local/Programs/MiK
TeX 2.9/fonts/type1/public/amsfonts/cm/cmmi12.pfb><C:/Users/Amit/AppData/Local/
Programs/MiKTeX 2.9/fonts/type1/public/amsfonts/cm/cmmi8.pfb><C:/Users/Amit/App
Data/Local/Programs/MiKTeX 2.9/fonts/type1/public/amsfonts/cm/cmmib10.pfb><C:/U
sers/Amit/AppData/Local/Programs/MiKTeX 2.9/fonts/type1/public/amsfonts/cm/cmr1
0.pfb><C:/Users/Amit/AppData/Local/Programs/MiKTeX 2.9/fonts/type1/public/amsfo
nts/cm/cmr12.pfb><C:/Users/Amit/AppData/Local/Programs/MiKTeX 2.9/fonts/type1/p
ublic/amsfonts/cm/cmr17.pfb><C:/Users/Amit/AppData/Local/Programs/MiKTeX 2.9/fo
nts/type1/public/amsfonts/cm/cmr8.pfb><C:/Users/Amit/AppData/Local/Programs/MiK
TeX 2.9/fonts/type1/public/amsfonts/cm/cmsy10.pfb><C:/Users/Amit/AppData/Local/
Programs/MiKTeX 2.9/fonts/type1/public/amsfonts/cm/cmsy8.pfb><C:/Users/Amit/App
Data/Local/Programs/MiKTeX 2.9/fonts/type1/public/amsfonts/cm/cmti12.pfb>
Output written on Writeup.pdf (16 pages, 858204 bytes).
PDF statistics:
 302 PDF objects out of 1000 (max. 8388607)
 31 named destinations out of 1000 (max. 500000)
 236 words of extra memory for PDF output out of 10000 (max. 10000000)

